[1] ""
[1] ""
[1] ""
[1] "#################################################################################################"
[1] "#################################################################################################"
[1] "#################################################################################################"
[1] "Run of the 2023-05-15 12:00:02"
[1] "#################################################################################################"
[1] "#################################################################################################"
[1] "#################################################################################################"

Attaching package: 'francoisfct'

The following object is masked from 'package:stats':

    ftable

── Attaching core tidyverse packages ──────────────────────── tidyverse 2.0.0 ──
✔ dplyr     1.1.0     ✔ readr     2.1.4
✔ forcats   1.0.0     ✔ stringr   1.5.0
✔ ggplot2   3.4.2     ✔ tibble    3.1.8
✔ lubridate 1.9.2     ✔ tidyr     1.3.0
✔ purrr     1.0.1     
── Conflicts ────────────────────────────────────────── tidyverse_conflicts() ──
✖ dplyr::filter() masks stats::filter()
✖ dplyr::lag()    masks stats::lag()
ℹ Use the conflicted package (<http://conflicted.r-lib.org/>) to force all conflicts to become errors

Attaching package: 'janitor'

The following objects are masked from 'package:stats':

    chisq.test, fisher.test


Attaching package: 'scales'

The following object is masked from 'package:purrr':

    discard

The following object is masked from 'package:readr':

    col_factor

Warning messages:
1: package 'tidyverse' was built under R version 4.2.3 
2: package 'ggplot2' was built under R version 4.2.3 
3: package 'tidyr' was built under R version 4.2.3 
4: package 'lubridate' was built under R version 4.2.3 
5: package 'readxl' was built under R version 4.2.3 
6: `as.tibble()` was deprecated in tibble 2.0.0.
ℹ Please use `as_tibble()` instead.
ℹ The signature and semantics have changed, see `?as_tibble`. 
[1] "Capacity_Wehl_perEmp_perDate_Flag.R"
[1] "Forecast_Labor_Aggregate.R"
[1] ""
[1] ""
[1] ""
[1] "#################################################################################################"
[1] "#################################################################################################"
[1] "#################################################################################################"
[1] "Run of the 2023-06-05 12:00:02"
[1] "#################################################################################################"
[1] "#################################################################################################"
[1] "#################################################################################################"

Attaching package: 'francoisfct'

The following object is masked from 'package:stats':

    ftable

── Attaching core tidyverse packages ──────────────────────── tidyverse 2.0.0 ──
✔ dplyr     1.1.0     ✔ readr     2.1.4
✔ forcats   1.0.0     ✔ stringr   1.5.0
✔ ggplot2   3.4.2     ✔ tibble    3.1.8
✔ lubridate 1.9.2     ✔ tidyr     1.3.0
✔ purrr     1.0.1     
── Conflicts ────────────────────────────────────────── tidyverse_conflicts() ──
✖ dplyr::filter() masks stats::filter()
✖ dplyr::lag()    masks stats::lag()
ℹ Use the conflicted package (<http://conflicted.r-lib.org/>) to force all conflicts to become errors
Warning messages:
1: package 'tidyverse' was built under R version 4.2.3 
2: package 'ggplot2' was built under R version 4.2.3 
3: package 'tidyr' was built under R version 4.2.3 
4: package 'lubridate' was built under R version 4.2.3 
5: package 'readxl' was built under R version 4.2.3 
6: `as.tibble()` was deprecated in tibble 2.0.0.
ℹ Please use `as_tibble()` instead.
ℹ The signature and semantics have changed, see `?as_tibble`. 
[1] "A_Capacity_Wehl_perEmp_perDate_Flag.R"
Rows: 35794 Columns: 2
── Column specification ────────────────────────────────────────────────────────
Delimiter: ","
chr  (1): Year_Week_ISO
date (1): Date

ℹ Use `spec()` to retrieve the full column specification for this data.
ℹ Specify the column types or set `show_col_types = FALSE` to quiet this message.
[1] "G13_HighLevel_Schedule_Pessimistic_ATO.R"
Rows: 35794 Columns: 2
── Column specification ────────────────────────────────────────────────────────
Delimiter: ","
chr  (1): Year_Week_ISO
date (1): Date

ℹ Use `spec()` to retrieve the full column specification for this data.
ℹ Specify the column types or set `show_col_types = FALSE` to quiet this message.
[1] "G14_HighLevel_Schedule_Realistic_ATO.R"
Rows: 35794 Columns: 2
── Column specification ────────────────────────────────────────────────────────
Delimiter: ","
chr  (1): Year_Week_ISO
date (1): Date

ℹ Use `spec()` to retrieve the full column specification for this data.
ℹ Specify the column types or set `show_col_types = FALSE` to quiet this message.
[1] "G15_HighLevel_Schedule_Optimistic_ATO.R"
Rows: 35794 Columns: 2
── Column specification ────────────────────────────────────────────────────────
Delimiter: ","
chr  (1): Year_Week_ISO
date (1): Date

ℹ Use `spec()` to retrieve the full column specification for this data.
ℹ Specify the column types or set `show_col_types = FALSE` to quiet this message.
Rows: 5114 Columns: 1
── Column specification ────────────────────────────────────────────────────────
Delimiter: ","
chr (1): Year_Week_ISO

ℹ Use `spec()` to retrieve the full column specification for this data.
ℹ Specify the column types or set `show_col_types = FALSE` to quiet this message.
[1] "G16_HighLevel_Planning_Pessimistic_ATO.R"
Rows: 35794 Columns: 2
── Column specification ────────────────────────────────────────────────────────
Delimiter: ","
chr  (1): Year_Week_ISO
date (1): Date

ℹ Use `spec()` to retrieve the full column specification for this data.
ℹ Specify the column types or set `show_col_types = FALSE` to quiet this message.
Rows: 5114 Columns: 1
── Column specification ────────────────────────────────────────────────────────
Delimiter: ","
chr (1): Year_Week_ISO

ℹ Use `spec()` to retrieve the full column specification for this data.
ℹ Specify the column types or set `show_col_types = FALSE` to quiet this message.
[1] "G17_HighLevel_Planning_Realistic_ATO.R"
Rows: 35794 Columns: 2
── Column specification ────────────────────────────────────────────────────────
Delimiter: ","
chr  (1): Year_Week_ISO
date (1): Date

ℹ Use `spec()` to retrieve the full column specification for this data.
ℹ Specify the column types or set `show_col_types = FALSE` to quiet this message.
Rows: 5114 Columns: 1
── Column specification ────────────────────────────────────────────────────────
Delimiter: ","
chr (1): Year_Week_ISO

ℹ Use `spec()` to retrieve the full column specification for this data.
ℹ Specify the column types or set `show_col_types = FALSE` to quiet this message.
[1] "G18_HighLevel_Planning_Optimistic_ATO.R"
[1] "G18B_Overview_Table_ATO.R"
Rows: 35794 Columns: 2
── Column specification ────────────────────────────────────────────────────────
Delimiter: ","
chr  (1): Year_Week_ISO
date (1): Date

ℹ Use `spec()` to retrieve the full column specification for this data.
ℹ Specify the column types or set `show_col_types = FALSE` to quiet this message.
[1] "G19_HighLevel_Schedule_Pessimistic_ETO.R"
Rows: 35794 Columns: 2
── Column specification ────────────────────────────────────────────────────────
Delimiter: ","
chr  (1): Year_Week_ISO
date (1): Date

ℹ Use `spec()` to retrieve the full column specification for this data.
ℹ Specify the column types or set `show_col_types = FALSE` to quiet this message.
[1] "G20_HighLevel_Schedule_Realistic_ETO.R"
Rows: 35794 Columns: 2
── Column specification ────────────────────────────────────────────────────────
Delimiter: ","
chr  (1): Year_Week_ISO
date (1): Date

ℹ Use `spec()` to retrieve the full column specification for this data.
ℹ Specify the column types or set `show_col_types = FALSE` to quiet this message.

^C^C[1] ""
[1] ""
[1] ""
[1] "#################################################################################################"
[1] "#################################################################################################"
[1] "#################################################################################################"
[1] "Run of the 2023-06-12 12:23:44"
[1] "#################################################################################################"
[1] "#################################################################################################"
[1] "#################################################################################################"

Attaching package: 'francoisfct'

The following object is masked from 'package:stats':

    ftable

── Attaching core tidyverse packages ──────────────────────── tidyverse 2.0.0 ──
✔ dplyr     1.1.0     ✔ readr     2.1.4
✔ forcats   1.0.0     ✔ stringr   1.5.0
✔ ggplot2   3.4.2     ✔ tibble    3.1.8
✔ lubridate 1.9.2     ✔ tidyr     1.3.0
✔ purrr     1.0.1     
── Conflicts ────────────────────────────────────────── tidyverse_conflicts() ──
✖ dplyr::filter() masks stats::filter()
✖ dplyr::lag()    masks stats::lag()
ℹ Use the conflicted package (<http://conflicted.r-lib.org/>) to force all conflicts to become errors
Warning messages:
1: package 'tidyverse' was built under R version 4.2.3 
2: package 'ggplot2' was built under R version 4.2.3 
3: package 'tidyr' was built under R version 4.2.3 
4: package 'lubridate' was built under R version 4.2.3 
5: package 'readxl' was built under R version 4.2.3 
6: `as.tibble()` was deprecated in tibble 2.0.0.
ℹ Please use `as_tibble()` instead.
ℹ The signature and semantics have changed, see `?as_tibble`. 
[1] "A_Capacity_Wehl_perEmp_perDate_Flag.R"
Rows: 35794 Columns: 2
── Column specification ────────────────────────────────────────────────────────
Delimiter: ","
chr  (1): Year_Week_ISO
date (1): Date

ℹ Use `spec()` to retrieve the full column specification for this data.
ℹ Specify the column types or set `show_col_types = FALSE` to quiet this message.
[1] "G13_HighLevel_Schedule_Pessimistic_ATO.R"
Rows: 35794 Columns: 2
── Column specification ────────────────────────────────────────────────────────
Delimiter: ","
chr  (1): Year_Week_ISO
date (1): Date

ℹ Use `spec()` to retrieve the full column specification for this data.
ℹ Specify the column types or set `show_col_types = FALSE` to quiet this message.
[1] "G14_HighLevel_Schedule_Realistic_ATO.R"
Rows: 35794 Columns: 2
── Column specification ────────────────────────────────────────────────────────
Delimiter: ","
chr  (1): Year_Week_ISO
date (1): Date

ℹ Use `spec()` to retrieve the full column specification for this data.
ℹ Specify the column types or set `show_col_types = FALSE` to quiet this message.
[1] "G15_HighLevel_Schedule_Optimistic_ATO.R"
Rows: 35794 Columns: 2
── Column specification ────────────────────────────────────────────────────────
Delimiter: ","
chr  (1): Year_Week_ISO
date (1): Date

ℹ Use `spec()` to retrieve the full column specification for this data.
ℹ Specify the column types or set `show_col_types = FALSE` to quiet this message.
Rows: 5114 Columns: 1
── Column specification ────────────────────────────────────────────────────────
Delimiter: ","
chr (1): Year_Week_ISO

ℹ Use `spec()` to retrieve the full column specification for this data.
ℹ Specify the column types or set `show_col_types = FALSE` to quiet this message.
[1] "G16_HighLevel_Planning_Pessimistic_ATO.R"
Rows: 35794 Columns: 2
── Column specification ────────────────────────────────────────────────────────
Delimiter: ","
chr  (1): Year_Week_ISO
date (1): Date

ℹ Use `spec()` to retrieve the full column specification for this data.
ℹ Specify the column types or set `show_col_types = FALSE` to quiet this message.
Rows: 5114 Columns: 1
── Column specification ────────────────────────────────────────────────────────
Delimiter: ","
chr (1): Year_Week_ISO

ℹ Use `spec()` to retrieve the full column specification for this data.
ℹ Specify the column types or set `show_col_types = FALSE` to quiet this message.
[1] "G17_HighLevel_Planning_Realistic_ATO.R"
Rows: 35794 Columns: 2
── Column specification ────────────────────────────────────────────────────────
Delimiter: ","
chr  (1): Year_Week_ISO
date (1): Date

ℹ Use `spec()` to retrieve the full column specification for this data.
ℹ Specify the column types or set `show_col_types = FALSE` to quiet this message.
Rows: 5114 Columns: 1
── Column specification ────────────────────────────────────────────────────────
Delimiter: ","
chr (1): Year_Week_ISO

ℹ Use `spec()` to retrieve the full column specification for this data.
ℹ Specify the column types or set `show_col_types = FALSE` to quiet this message.
[1] "G18_HighLevel_Planning_Optimistic_ATO.R"
[1] "G18B_Overview_Table_ATO.R"
Rows: 35794 Columns: 2
── Column specification ────────────────────────────────────────────────────────
Delimiter: ","
chr  (1): Year_Week_ISO
date (1): Date

ℹ Use `spec()` to retrieve the full column specification for this data.
ℹ Specify the column types or set `show_col_types = FALSE` to quiet this message.
[1] "G19_HighLevel_Schedule_Pessimistic_ETO.R"
Rows: 35794 Columns: 2
── Column specification ────────────────────────────────────────────────────────
Delimiter: ","
chr  (1): Year_Week_ISO
date (1): Date

ℹ Use `spec()` to retrieve the full column specification for this data.
ℹ Specify the column types or set `show_col_types = FALSE` to quiet this message.
[1] "G20_HighLevel_Schedule_Realistic_ETO.R"
Rows: 35794 Columns: 2
── Column specification ────────────────────────────────────────────────────────
Delimiter: ","
chr  (1): Year_Week_ISO
date (1): Date

ℹ Use `spec()` to retrieve the full column specification for this data.
ℹ Specify the column types or set `show_col_types = FALSE` to quiet this message.
[1] "G21_HighLevel_Schedule_Optimistic_ETO.R"
Rows: 35794 Columns: 2
── Column specification ────────────────────────────────────────────────────────
Delimiter: ","
chr  (1): Year_Week_ISO
date (1): Date

ℹ Use `spec()` to retrieve the full column specification for this data.
ℹ Specify the column types or set `show_col_types = FALSE` to quiet this message.
Rows: 5114 Columns: 1
── Column specification ────────────────────────────────────────────────────────
Delimiter: ","
chr (1): Year_Week_ISO

ℹ Use `spec()` to retrieve the full column specification for this data.
ℹ Specify the column types or set `show_col_types = FALSE` to quiet this message.
[1] "G22_HighLevel_Planning_Pessimistic_ETO.R"
Rows: 35794 Columns: 2
── Column specification ────────────────────────────────────────────────────────
Delimiter: ","
chr  (1): Year_Week_ISO
date (1): Date

ℹ Use `spec()` to retrieve the full column specification for this data.
ℹ Specify the column types or set `show_col_types = FALSE` to quiet this message.
Rows: 5114 Columns: 1
── Column specification ────────────────────────────────────────────────────────
Delimiter: ","
chr (1): Year_Week_ISO

ℹ Use `spec()` to retrieve the full column specification for this data.
ℹ Specify the column types or set `show_col_types = FALSE` to quiet this message.
[1] "G23_HighLevel_Planning_Realistic_ETO.R"
Rows: 35794 Columns: 2
── Column specification ────────────────────────────────────────────────────────
Delimiter: ","
chr  (1): Year_Week_ISO
date (1): Date

ℹ Use `spec()` to retrieve the full column specification for this data.
ℹ Specify the column types or set `show_col_types = FALSE` to quiet this message.
Rows: 5114 Columns: 1
── Column specification ────────────────────────────────────────────────────────
Delimiter: ","
chr (1): Year_Week_ISO

ℹ Use `spec()` to retrieve the full column specification for this data.
ℹ Specify the column types or set `show_col_types = FALSE` to quiet this message.
[1] "G24_HighLevel_Planning_Optimistic_ETO.R"
[1] "G24B_Overview_Table_ETO.R"
[1] "G30_ExcelFile_Writting.R"
Rows: 35794 Columns: 2
── Column specification ────────────────────────────────────────────────────────
Delimiter: ","
chr  (1): Year_Week_ISO
date (1): Date

ℹ Use `spec()` to retrieve the full column specification for this data.
ℹ Specify the column types or set `show_col_types = FALSE` to quiet this message.
[1] "G31_History_Save.R"
[1] "G40_Forecast_Labor_Aggregate.R"
[1] "G0_Run_All.R"
Rows: 8 Columns: 2
── Column specification ────────────────────────────────────────────────────────
Delimiter: ","
chr (1): Program
dbl (1): Ran_Flag

ℹ Use `spec()` to retrieve the full column specification for this data.
ℹ Specify the column types or set `show_col_types = FALSE` to quiet this message.
